<?xml version="1.0" encoding="UTF-8"?>
<!-- Generated by org.testng.reporters.JUnitReportReporter -->
<testsuite name="POMTest.DebugTest" tests="1" time="0.038" ignored="0" failures="0" timestamp="10 Mar 2019 09:51:22 GMT" skipped="0" hostname="vinod-PC" errors="0">
  <testcase name="debug" time="0.038" classname="POMTest.DebugTest"/>
</testsuite> <!-- POMTest.DebugTest -->
