<?xml version="1.0" encoding="UTF-8"?>
<!-- Generated by org.testng.reporters.JUnitReportReporter -->
<testsuite name="POMTest.ValidLogIn" tests="1" time="17.905" ignored="0" failures="0" timestamp="07 Aug 2019 14:59:37 GMT" skipped="0" hostname="vinod-PC" errors="0">
  <testcase name="testValidLogin" time="17.905" classname="POMTest.ValidLogIn"/>
</testsuite> <!-- POMTest.ValidLogIn -->
