<?xml version="1.0" encoding="UTF-8"?>
<!-- Generated by org.testng.reporters.JUnitReportReporter -->
<testsuite name="extentReports.ExtentReportsDemo" tests="1" time="0.107" ignored="0" failures="0" timestamp="07 Aug 2019 14:59:37 GMT" skipped="0" hostname="vinod-PC" errors="0">
  <testcase name="report" time="0.107" classname="extentReports.ExtentReportsDemo"/>
</testsuite> <!-- extentReports.ExtentReportsDemo -->
